<?xml version="1.0" encoding="UTF-8"?>
<!-- Generated by org.testng.reporters.JUnitReportReporter -->
<testsuite hostname="Gagan" failures="0" tests="2" name="com.ninza.hrm.api.projecttest.ProjectTest" time="0.607" errors="0" timestamp="2024-07-02T16:18:01 IST" skipped="0">
  <testcase classname="com.ninza.hrm.api.projecttest.ProjectTest" name="addDuplicateProjectTest" time="0.020"/>
  <system-out/>
  <testcase classname="com.ninza.hrm.api.projecttest.ProjectTest" name="addSingleProjectWithCreatedStatusTest" time="0.587"/>
  <system-out/>
</testsuite> <!-- com.ninza.hrm.api.projecttest.ProjectTest -->
