<?xml version="1.0" encoding="UTF-8"?>
<!-- Generated by org.testng.reporters.JUnitReportReporter -->
<testsuite hostname="Gagan" failures="0" tests="2" name="com.ninza.hrm.api.employeetest.EmployeeTest" time="3.258" errors="0" timestamp="2024-07-02T16:18:01 IST" skipped="0">
  <testcase classname="com.ninza.hrm.api.employeetest.EmployeeTest" name="addEmployeeTest" time="2.400"/>
  <system-out/>
  <testcase classname="com.ninza.hrm.api.employeetest.EmployeeTest" name="addEmployeeWithOutEmailTest" time="0.858"/>
  <system-out/>
</testsuite> <!-- com.ninza.hrm.api.employeetest.EmployeeTest -->
